<?xml version="1.0" encoding="UTF-8"?>
<testng-results ignored="0" total="6" passed="6" failed="0" skipped="0">
  <reporter-output>
  </reporter-output>
  <suite started-at="2020-11-21T09:12:14 IST" name="Default suite" finished-at="2020-11-21T09:12:14 IST" duration-ms="34">
    <groups>
    </groups>
    <test started-at="2020-11-21T09:12:14 IST" name="Default test" finished-at="2020-11-21T09:12:14 IST" duration-ms="34">
      <class name="org.wso2.BasicOperation.StringOperations">
        <test-method signature="TestAllCaps()[pri:0, instance:org.wso2.BasicOperation.StringOperations@757acd7b]" started-at="2020-11-21T09:12:14 IST" name="TestAllCaps" finished-at="2020-11-21T09:12:14 IST" duration-ms="6" status="PASS">
          <reporter-output>
          </reporter-output>
        </test-method> <!-- TestAllCaps -->
        <test-method signature="TestToLowerCase()[pri:1, instance:org.wso2.BasicOperation.StringOperations@757acd7b]" started-at="2020-11-21T09:12:14 IST" name="TestToLowerCase" finished-at="2020-11-21T09:12:14 IST" duration-ms="1" status="PASS">
          <reporter-output>
          </reporter-output>
        </test-method> <!-- TestToLowerCase -->
        <test-method signature="TestSubstring()[pri:2, instance:org.wso2.BasicOperation.StringOperations@757acd7b]" started-at="2020-11-21T09:12:14 IST" name="TestSubstring" finished-at="2020-11-21T09:12:14 IST" duration-ms="0" status="PASS">
          <reporter-output>
          </reporter-output>
        </test-method> <!-- TestSubstring -->
      </class> <!-- org.wso2.BasicOperation.StringOperations -->
      <class name="org.wso2.BasicOperation.ArithmeticOperations">
        <test-method signature="TesMultiplication()[pri:0, instance:org.wso2.BasicOperation.ArithmeticOperations@36b4fe2a]" started-at="2020-11-21T09:12:14 IST" name="TesMultiplication" finished-at="2020-11-21T09:12:14 IST" duration-ms="1" status="PASS">
          <reporter-output>
          </reporter-output>
        </test-method> <!-- TesMultiplication -->
        <test-method signature="TestAddition()[pri:0, instance:org.wso2.BasicOperation.ArithmeticOperations@36b4fe2a]" started-at="2020-11-21T09:12:14 IST" name="TestAddition" finished-at="2020-11-21T09:12:14 IST" duration-ms="1" status="PASS">
          <reporter-output>
          </reporter-output>
        </test-method> <!-- TestAddition -->
        <test-method signature="TestSubstraction()[pri:0, instance:org.wso2.BasicOperation.ArithmeticOperations@36b4fe2a]" started-at="2020-11-21T09:12:14 IST" name="TestSubstraction" finished-at="2020-11-21T09:12:14 IST" duration-ms="0" status="PASS">
          <reporter-output>
          </reporter-output>
        </test-method> <!-- TestSubstraction -->
      </class> <!-- org.wso2.BasicOperation.ArithmeticOperations -->
    </test> <!-- Default test -->
  </suite> <!-- Default suite -->
</testng-results>
