<?xml version="1.0" encoding="UTF-8"?>
<!-- Generated by org.testng.reporters.JUnitXMLReporter -->
<testsuite ignored="0" hostname="Isuruuy.local" failures="0" tests="6" name="Default test" time="0.034" errors="0" timestamp="2020-11-21T09:12:14 IST">
  <testcase classname="org.wso2.BasicOperation.StringOperations" name="TestAllCaps" time="0.006"/>
  <testcase classname="org.wso2.BasicOperation.StringOperations" name="TestToLowerCase" time="0.001"/>
  <testcase classname="org.wso2.BasicOperation.StringOperations" name="TestSubstring" time="0.0"/>
  <testcase classname="org.wso2.BasicOperation.ArithmeticOperations" name="TesMultiplication" time="0.001"/>
  <testcase classname="org.wso2.BasicOperation.ArithmeticOperations" name="TestAddition" time="0.001"/>
  <testcase classname="org.wso2.BasicOperation.ArithmeticOperations" name="TestSubstraction" time="0.0"/>
</testsuite> <!-- Default test -->
