<?xml version="1.0" encoding="UTF-8"?>
<!-- Generated by org.testng.reporters.JUnitXMLReporter -->
<testsuite ignored="0" hostname="Isuruuy.local" failures="0" tests="6" name="Basic String and Arithmatic Operations" time="0.025" errors="0" timestamp="2020-11-21T09:36:25 IST">
  <testcase classname="org.wso2.BasicOperation.StringOperations" name="TestAllCaps" time="0.003"/>
  <testcase classname="org.wso2.BasicOperation.StringOperations" name="TestToLowerCase" time="0.0"/>
  <testcase classname="org.wso2.BasicOperation.StringOperations" name="TestSubstring" time="0.0"/>
  <testcase classname="org.wso2.BasicOperation.ArithmeticOperations" name="TesMultiplication" time="0.0"/>
  <testcase classname="org.wso2.BasicOperation.ArithmeticOperations" name="TestAddition" time="0.0"/>
  <testcase classname="org.wso2.BasicOperation.ArithmeticOperations" name="TestSubstraction" time="0.001"/>
</testsuite> <!-- Basic String and Arithmatic Operations -->
